07 Apr 2022 - 01:36:17.103 -  INFO  - c.s.instagram.InstagramApplication - Starting InstagramApplication using Java 17 on DESKTOP-CO9R0N4 with PID 11176 (C:\IdeaProjects\instagram-backend\target\classes started by ssiro in C:\IdeaProjects\instagram-backend)
07 Apr 2022 - 01:36:17.124 -  INFO  - c.s.instagram.InstagramApplication - The following 1 profile is active: "dev"
07 Apr 2022 - 01:36:18.839 -  INFO  - o.s.d.r.c.RepositoryConfigurationDelegate - Bootstrapping Spring Data JPA repositories in DEFAULT mode.
07 Apr 2022 - 01:36:18.992 -  INFO  - o.s.d.r.c.RepositoryConfigurationDelegate - Finished Spring Data repository scanning in 135 ms. Found 8 JPA repository interfaces.
07 Apr 2022 - 01:36:20.042 -  INFO  - o.s.b.w.e.tomcat.TomcatWebServer - Tomcat initialized with port(s): 8080 (http)
07 Apr 2022 - 01:36:20.058 -  INFO  - o.a.catalina.core.StandardService - Starting service [Tomcat]
07 Apr 2022 - 01:36:20.058 -  INFO  - o.a.catalina.core.StandardEngine - Starting Servlet engine: [Apache Tomcat/9.0.60]
07 Apr 2022 - 01:36:20.233 -  INFO  - o.a.c.c.C.[Tomcat].[localhost].[/] - Initializing Spring embedded WebApplicationContext
07 Apr 2022 - 01:36:20.234 -  INFO  - o.s.b.w.s.c.ServletWebServerApplicationContext - Root WebApplicationContext: initialization completed in 3029 ms
07 Apr 2022 - 01:36:20.479 -  INFO  - o.h.jpa.internal.util.LogHelper - HHH000204: Processing PersistenceUnitInfo [name: default]
07 Apr 2022 - 01:36:20.580 -  INFO  - org.hibernate.Version - HHH000412: Hibernate ORM core version 5.6.7.Final
07 Apr 2022 - 01:36:20.870 -  INFO  - o.h.annotations.common.Version - HCANN000001: Hibernate Commons Annotations {5.1.2.Final}
07 Apr 2022 - 01:36:21.049 -  INFO  - com.zaxxer.hikari.HikariDataSource - HikariPool-1 - Starting...
07 Apr 2022 - 01:36:21.688 -  INFO  - com.zaxxer.hikari.HikariDataSource - HikariPool-1 - Start completed.
07 Apr 2022 - 01:36:21.753 -  INFO  - org.hibernate.dialect.Dialect - HHH000400: Using dialect: org.hibernate.dialect.PostgreSQL10Dialect
07 Apr 2022 - 01:36:22.116 -  WARN  - org.hibernate.id.UUIDHexGenerator - HHH000409: Using org.hibernate.id.UUIDHexGenerator which does not generate IETF RFC 4122 compliant UUID values; consider using org.hibernate.id.UUIDGenerator instead
07 Apr 2022 - 01:36:23.586 -  INFO  - o.h.e.t.j.p.i.JtaPlatformInitiator - HHH000490: Using JtaPlatform implementation: [org.hibernate.engine.transaction.jta.platform.internal.NoJtaPlatform]
07 Apr 2022 - 01:36:23.604 -  INFO  - o.s.o.j.LocalContainerEntityManagerFactoryBean - Initialized JPA EntityManagerFactory for persistence unit 'default'
07 Apr 2022 - 01:36:24.397 -  WARN  - o.s.b.a.o.j.JpaBaseConfiguration$JpaWebConfiguration - spring.jpa.open-in-view is enabled by default. Therefore, database queries may be performed during view rendering. Explicitly configure spring.jpa.open-in-view to disable this warning
07 Apr 2022 - 01:36:25.935 -  INFO  - o.s.s.web.DefaultSecurityFilterChain - Will not secure any request
07 Apr 2022 - 01:36:26.526 -  INFO  - o.s.b.w.e.tomcat.TomcatWebServer - Tomcat started on port(s): 8080 (http) with context path ''
07 Apr 2022 - 01:36:27.716 -  INFO  - c.s.instagram.InstagramApplication - Started InstagramApplication in 11.233 seconds (JVM running for 14.247)
07 Apr 2022 - 01:36:37.390 -  INFO  - o.a.c.c.C.[Tomcat].[localhost].[/] - Initializing Spring DispatcherServlet 'dispatcherServlet'
07 Apr 2022 - 01:36:37.391 -  INFO  - o.s.web.servlet.DispatcherServlet - Initializing Servlet 'dispatcherServlet'
07 Apr 2022 - 01:36:37.397 -  INFO  - o.s.web.servlet.DispatcherServlet - Completed initialization in 6 ms
07 Apr 2022 - 01:40:05.732 -  INFO  - o.s.o.j.LocalContainerEntityManagerFactoryBean - Closing JPA EntityManagerFactory for persistence unit 'default'
07 Apr 2022 - 01:40:05.736 -  INFO  - com.zaxxer.hikari.HikariDataSource - HikariPool-1 - Shutdown initiated...
07 Apr 2022 - 01:40:05.747 -  INFO  - com.zaxxer.hikari.HikariDataSource - HikariPool-1 - Shutdown completed.
07 Apr 2022 - 01:40:20.718 -  INFO  - c.s.instagram.InstagramApplication - Starting InstagramApplication using Java 17 on DESKTOP-CO9R0N4 with PID 13564 (C:\IdeaProjects\instagram-backend\target\classes started by ssiro in C:\IdeaProjects\instagram-backend)
07 Apr 2022 - 01:40:20.721 -  INFO  - c.s.instagram.InstagramApplication - The following 1 profile is active: "dev"
07 Apr 2022 - 01:40:22.275 -  INFO  - o.s.d.r.c.RepositoryConfigurationDelegate - Bootstrapping Spring Data JPA repositories in DEFAULT mode.
07 Apr 2022 - 01:40:22.457 -  INFO  - o.s.d.r.c.RepositoryConfigurationDelegate - Finished Spring Data repository scanning in 165 ms. Found 8 JPA repository interfaces.
07 Apr 2022 - 01:40:23.316 -  INFO  - o.s.b.w.e.tomcat.TomcatWebServer - Tomcat initialized with port(s): 8080 (http)
07 Apr 2022 - 01:40:23.326 -  INFO  - o.a.catalina.core.StandardService - Starting service [Tomcat]
07 Apr 2022 - 01:40:23.326 -  INFO  - o.a.catalina.core.StandardEngine - Starting Servlet engine: [Apache Tomcat/9.0.60]
07 Apr 2022 - 01:40:23.633 -  INFO  - o.a.c.c.C.[Tomcat].[localhost].[/] - Initializing Spring embedded WebApplicationContext
07 Apr 2022 - 01:40:23.635 -  INFO  - o.s.b.w.s.c.ServletWebServerApplicationContext - Root WebApplicationContext: initialization completed in 2854 ms
07 Apr 2022 - 01:40:23.824 -  INFO  - o.h.jpa.internal.util.LogHelper - HHH000204: Processing PersistenceUnitInfo [name: default]
07 Apr 2022 - 01:40:23.909 -  INFO  - org.hibernate.Version - HHH000412: Hibernate ORM core version 5.6.7.Final
07 Apr 2022 - 01:40:24.152 -  INFO  - o.h.annotations.common.Version - HCANN000001: Hibernate Commons Annotations {5.1.2.Final}
07 Apr 2022 - 01:40:24.317 -  INFO  - com.zaxxer.hikari.HikariDataSource - HikariPool-1 - Starting...
07 Apr 2022 - 01:40:24.547 -  INFO  - com.zaxxer.hikari.HikariDataSource - HikariPool-1 - Start completed.
07 Apr 2022 - 01:40:24.609 -  INFO  - org.hibernate.dialect.Dialect - HHH000400: Using dialect: org.hibernate.dialect.PostgreSQL10Dialect
07 Apr 2022 - 01:40:24.920 -  WARN  - org.hibernate.id.UUIDHexGenerator - HHH000409: Using org.hibernate.id.UUIDHexGenerator which does not generate IETF RFC 4122 compliant UUID values; consider using org.hibernate.id.UUIDGenerator instead
07 Apr 2022 - 01:40:26.145 -  INFO  - o.h.e.t.j.p.i.JtaPlatformInitiator - HHH000490: Using JtaPlatform implementation: [org.hibernate.engine.transaction.jta.platform.internal.NoJtaPlatform]
07 Apr 2022 - 01:40:26.165 -  INFO  - o.s.o.j.LocalContainerEntityManagerFactoryBean - Initialized JPA EntityManagerFactory for persistence unit 'default'
07 Apr 2022 - 01:40:27.021 -  WARN  - o.s.b.a.o.j.JpaBaseConfiguration$JpaWebConfiguration - spring.jpa.open-in-view is enabled by default. Therefore, database queries may be performed during view rendering. Explicitly configure spring.jpa.open-in-view to disable this warning
07 Apr 2022 - 01:40:28.572 -  INFO  - o.s.s.web.DefaultSecurityFilterChain - Will not secure any request
07 Apr 2022 - 01:40:29.170 -  INFO  - o.s.b.w.e.tomcat.TomcatWebServer - Tomcat started on port(s): 8080 (http) with context path ''
07 Apr 2022 - 01:40:29.890 -  INFO  - c.s.instagram.InstagramApplication - Started InstagramApplication in 9.799 seconds (JVM running for 11.143)
07 Apr 2022 - 01:42:52.385 -  INFO  - o.s.o.j.LocalContainerEntityManagerFactoryBean - Closing JPA EntityManagerFactory for persistence unit 'default'
07 Apr 2022 - 01:42:52.388 -  INFO  - com.zaxxer.hikari.HikariDataSource - HikariPool-1 - Shutdown initiated...
07 Apr 2022 - 01:42:52.392 -  INFO  - com.zaxxer.hikari.HikariDataSource - HikariPool-1 - Shutdown completed.
